0 info it worked if it ends with ok
1 verbose cli [ 'node', '/opt/boxen/homebrew/bin/npm', 'install' ]
2 info using npm@2.7.1
3 info using node@v0.12.0
4 verbose node symlink /opt/boxen/homebrew/bin/node
5 verbose install where, deps [ '/Users/guspowell/Projects/angular-phonecat copy',
5 verbose install   [ 'karma',
5 verbose install     'karma-chrome-launcher',
5 verbose install     'karma-jasmine',
5 verbose install     'protractor',
5 verbose install     'http-server',
5 verbose install     'tmp',
5 verbose install     'bower',
5 verbose install     'shelljs' ] ]
6 verbose install where, peers [ '/Users/guspowell/Projects/angular-phonecat copy', [] ]
7 info preinstall angular-phonecat@0.0.0
8 verbose already installed skipping bower@^1.3.1 /Users/guspowell/Projects/angular-phonecat copy
9 verbose already installed skipping shelljs@^0.2.6 /Users/guspowell/Projects/angular-phonecat copy
10 verbose already installed skipping karma@^0.12.16 /Users/guspowell/Projects/angular-phonecat copy
11 verbose already installed skipping karma-chrome-launcher@^0.1.4 /Users/guspowell/Projects/angular-phonecat copy
12 verbose already installed skipping karma-jasmine@^0.1.5 /Users/guspowell/Projects/angular-phonecat copy
13 verbose already installed skipping protractor@~1.0.0 /Users/guspowell/Projects/angular-phonecat copy
14 verbose already installed skipping http-server@^0.6.1 /Users/guspowell/Projects/angular-phonecat copy
15 verbose already installed skipping tmp@0.0.23 /Users/guspowell/Projects/angular-phonecat copy
16 silly install resolved []
17 info build /Users/guspowell/Projects/angular-phonecat copy
18 verbose linkStuff [ false, false, false, '/Users/guspowell/Projects' ]
19 info linkStuff angular-phonecat@0.0.0
20 verbose linkBins angular-phonecat@0.0.0
21 verbose linkMans angular-phonecat@0.0.0
22 verbose rebuildBundles angular-phonecat@0.0.0
23 verbose rebuildBundles [ '.DS_Store',
23 verbose rebuildBundles   '.bin',
23 verbose rebuildBundles   'bower',
23 verbose rebuildBundles   'chromedriver',
23 verbose rebuildBundles   'http-server',
23 verbose rebuildBundles   'karma',
23 verbose rebuildBundles   'karma-chrome-launcher',
23 verbose rebuildBundles   'karma-jasmine',
23 verbose rebuildBundles   'protractor',
23 verbose rebuildBundles   'shelljs',
23 verbose rebuildBundles   'tmp' ]
24 verbose rebuild bundle /Users/guspowell/Projects/angular-phonecat copy/node_modules/chromedriver
25 info build /Users/guspowell/Projects/angular-phonecat copy/node_modules/chromedriver
26 info preinstall chromedriver@2.14.1
27 verbose linkStuff [ false,
27 verbose linkStuff   false,
27 verbose linkStuff   false,
27 verbose linkStuff   '/Users/guspowell/Projects/angular-phonecat copy/node_modules' ]
28 info linkStuff chromedriver@2.14.1
29 verbose linkBins chromedriver@2.14.1
30 verbose link bins [ { chromedriver: './bin/chromedriver' },
30 verbose link bins   '/Users/guspowell/Projects/angular-phonecat copy/node_modules/.bin',
30 verbose link bins   false ]
31 verbose linkMans chromedriver@2.14.1
32 verbose rebuildBundles chromedriver@2.14.1
33 verbose rebuildBundles [ 'adm-zip', 'kew', 'mkdirp', 'npmconf', 'rimraf' ]
34 verbose gentlyRm vacuuming /Users/guspowell/Projects/angular-phonecat copy/node_modules/.bin/chromedriver
35 silly gentlyRm purging /Users/guspowell/Projects/angular-phonecat copy/node_modules/.bin/chromedriver
36 silly gentlyRm quitting because other entries in /Users/guspowell/Projects/angular-phonecat copy/node_modules/.bin
37 info install chromedriver@2.14.1
38 verbose unsafe-perm in lifecycle true
39 info chromedriver@2.14.1 Failed to exec install script
40 verbose stack Error: chromedriver@2.14.1 install: `node install.js`
40 verbose stack Exit status 1
40 verbose stack     at EventEmitter.<anonymous> (/opt/boxen/homebrew/lib/node_modules/npm/lib/utils/lifecycle.js:213:16)
40 verbose stack     at EventEmitter.emit (events.js:110:17)
40 verbose stack     at ChildProcess.<anonymous> (/opt/boxen/homebrew/lib/node_modules/npm/lib/utils/spawn.js:14:12)
40 verbose stack     at ChildProcess.emit (events.js:110:17)
40 verbose stack     at maybeClose (child_process.js:1008:16)
40 verbose stack     at Process.ChildProcess._handle.onexit (child_process.js:1080:5)
41 verbose pkgid chromedriver@2.14.1
42 verbose cwd /Users/guspowell/Projects/angular-phonecat copy
43 error Darwin 14.1.1
44 error argv "node" "/opt/boxen/homebrew/bin/npm" "install"
45 error node v0.12.0
46 error npm  v2.7.1
47 error code ELIFECYCLE
48 error chromedriver@2.14.1 install: `node install.js`
48 error Exit status 1
49 error Failed at the chromedriver@2.14.1 install script 'node install.js'.
49 error This is most likely a problem with the chromedriver package,
49 error not with npm itself.
49 error Tell the author that this fails on your system:
49 error     node install.js
49 error You can get their info via:
49 error     npm owner ls chromedriver
49 error There is likely additional logging output above.
50 verbose exit [ 1, true ]
